Log date,Destination,Source,Winner?,Reason,Source size,Source hash,Source date,Destination size,Destination hash,Destination date
18:08:26,Y:/photoOrganiser/sample_data/output/2009/10/DSCN3153.JPG,Y:/photoOrganiser/sample_data/input/DSCN3153.JPG,False,"hash matches, keep in situ destination file",37237,685b5f5bb78a7463c6dbd2d064bdf0b993cb8e54d2eab243044298e810ff07b9,2009-10
18:08:26,Y:/photoOrganiser/sample_data/output/2009/10/DSCN3153.JPG,Y:/photoOrganiser/sample_data/output/2009/10/DSCN3153.JPG,True,"hash matches, keep in situ destination file",37237,685b5f5bb78a7463c6dbd2d064bdf0b993cb8e54d2eab243044298e810ff07b9,2009-10
18:08:26,Y:/photoOrganiser/sample_data/output/2021/09/f449scd.jpe,Y:/photoOrganiser/sample_data/input/f449scd.jpe,False,tag date is older,22798,,2021-09
18:08:26,Y:/photoOrganiser/sample_data/output/2021/09/f449scd.jpe,Y:/photoOrganiser/sample_data/output/2021/09/f449scd.jpe,True,tag date is older,22798,,2021-09
18:08:26,Y:/photoOrganiser/sample_data/output/2021/09/IMG_0118-noexif.jpg,Y:/photoOrganiser/sample_data/input/IMG_0118-noexif.jpg,False,tag date is older,1359350,,2021-09
18:08:26,Y:/photoOrganiser/sample_data/output/2021/09/IMG_0118-noexif.jpg,Y:/photoOrganiser/sample_data/output/2021/09/IMG_0118-noexif.jpg,True,tag date is older,1359350,,2021-09
18:08:26,Y:/photoOrganiser/sample_data/output/2010/10/IMG_0118.jpg,Y:/photoOrganiser/sample_data/input/IMG_0118.jpg,False,"hash matches, keep in situ destination file",1367483,d3129f581c2a9cfe811b2dd28fa14a481f7ce30932719932eaece3660f9ca5de,2010-10
18:08:26,Y:/photoOrganiser/sample_data/output/2010/10/IMG_0118.jpg,Y:/photoOrganiser/sample_data/output/2010/10/IMG_0118.jpg,True,"hash matches, keep in situ destination file",1367483,d3129f581c2a9cfe811b2dd28fa14a481f7ce30932719932eaece3660f9ca5de,2010-10
18:08:26,Y:/photoOrganiser/sample_data/output/2012/12/IMG_1516.MOV,Y:/photoOrganiser/sample_data/input/IMG_1516.MOV,False,"hash matches, keep in situ destination file",107906404,72926181b13fc29dd929b4e2f4a2d2600a6d1eca48b67c66ea17852d2d63ace7,2012-12
18:08:26,Y:/photoOrganiser/sample_data/output/2012/12/IMG_1516.MOV,Y:/photoOrganiser/sample_data/output/2012/12/IMG_1516.MOV,True,"hash matches, keep in situ destination file",107906404,72926181b13fc29dd929b4e2f4a2d2600a6d1eca48b67c66ea17852d2d63ace7,2012-12
18:08:26,Y:/photoOrganiser/sample_data/output/2019/06/IMG_4156.MP4,Y:/photoOrganiser/sample_data/input/IMG_4156.MP4,False,"hash matches, keep in situ destination file",9663857,e814f84184f4da15813a66b418faf90e00baf1957aa95d58c96312ef379572bd,2019-06
18:08:26,Y:/photoOrganiser/sample_data/output/2019/06/IMG_4156.MP4,Y:/photoOrganiser/sample_data/output/2019/06/IMG_4156.MP4,True,"hash matches, keep in situ destination file",9663857,e814f84184f4da15813a66b418faf90e00baf1957aa95d58c96312ef379572bd,2019-06
18:08:26,Y:/photoOrganiser/sample_data/output/2019/12/IMG_5616.PNG,Y:/photoOrganiser/sample_data/input/IMG_5616.PNG,False,"hash matches, keep in situ destination file",303096,a293f4c7d11bb1f36d3ad060f8ecbc375cc220d1ea40d2b3053aaec587947efb,2019-12
18:08:26,Y:/photoOrganiser/sample_data/output/2019/12/IMG_5616.PNG,Y:/photoOrganiser/sample_data/output/2019/12/IMG_5616.PNG,True,"hash matches, keep in situ destination file",303096,a293f4c7d11bb1f36d3ad060f8ecbc375cc220d1ea40d2b3053aaec587947efb,2019-12
18:08:26,Y:/photoOrganiser/sample_data/output/2021/09/IMG_9741 - Copy.HEIC,Y:/photoOrganiser/sample_data/input/IMG_9741 - Copy.HEIC,False,tag date is older,1168060,,2021-09
18:08:26,Y:/photoOrganiser/sample_data/output/2021/09/IMG_9741 - Copy.HEIC,Y:/photoOrganiser/sample_data/output/2021/09/IMG_9741 - Copy.HEIC,True,tag date is older,1168060,,2021-09
18:08:26,Y:/photoOrganiser/sample_data/output/2021/03/IMG_9741.HEIC,Y:/photoOrganiser/sample_data/input/IMG_9741.HEIC,False,"hash matches, keep in situ destination file",1170324,fa492262937c1db3e363d5c8787f426159dbcb78b7f3492c99727b445cbcfc92,2021-03
18:08:26,Y:/photoOrganiser/sample_data/output/2021/03/IMG_9741.HEIC,Y:/photoOrganiser/sample_data/output/2021/03/IMG_9741.HEIC,True,"hash matches, keep in situ destination file",1170324,fa492262937c1db3e363d5c8787f426159dbcb78b7f3492c99727b445cbcfc92,2021-03
18:08:26,Y:/photoOrganiser/sample_data/output/2011/12/MVI_1186.avi,Y:/photoOrganiser/sample_data/input/MVI_1186.avi,False,"hash matches, keep in situ destination file",17638126,66ee10616dba30b3b814fa50e8c4f961cdc9dac471ef25db7e89286175a9ea2e,2011-12
18:08:26,Y:/photoOrganiser/sample_data/output/2011/12/MVI_1186.avi,Y:/photoOrganiser/sample_data/output/2011/12/MVI_1186.avi,True,"hash matches, keep in situ destination file",17638126,66ee10616dba30b3b814fa50e8c4f961cdc9dac471ef25db7e89286175a9ea2e,2011-12
18:08:26,Y:/photoOrganiser/sample_data/output/2007/12/Video005.3gp,Y:/photoOrganiser/sample_data/input/Video005.3gp,False,"hash matches, keep in situ destination file",32768,f77327075ad4bca146199ce6c7bbd0b0342abb0419dd5cb1509558b338c68709,2007-12
18:08:26,Y:/photoOrganiser/sample_data/output/2007/12/Video005.3gp,Y:/photoOrganiser/sample_data/output/2007/12/Video005.3gp,True,"hash matches, keep in situ destination file",32768,f77327075ad4bca146199ce6c7bbd0b0342abb0419dd5cb1509558b338c68709,2007-12
18:08:26,Y:/photoOrganiser/sample_data/output/2007/06/IMG_0262.jpg,Y:/photoOrganiser/sample_data/input/07/03/IMG_0262.jpg,False,"hash matches, keep in situ destination file",1957794,913c661387971a59d5d862a100c8bd1fc8d4dd54cc8326a6b4139fd284822e79,2007-06
18:08:26,Y:/photoOrganiser/sample_data/output/2007/06/IMG_0262.jpg,Y:/photoOrganiser/sample_data/output/2007/06/IMG_0262.jpg,True,"hash matches, keep in situ destination file",1957794,913c661387971a59d5d862a100c8bd1fc8d4dd54cc8326a6b4139fd284822e79,2007-06
18:08:26,Y:/photoOrganiser/sample_data/output/2007/06/IMG_0263.jpg,Y:/photoOrganiser/sample_data/input/07/03/IMG_0263.jpg,False,"hash matches, keep in situ destination file",1976572,0da9dd81a1bd4aad8d6eeb1bf9587ca267aeacf572f793f0486685ea6ff76cbf,2007-06
18:08:26,Y:/photoOrganiser/sample_data/output/2007/06/IMG_0263.jpg,Y:/photoOrganiser/sample_data/output/2007/06/IMG_0263.jpg,True,"hash matches, keep in situ destination file",1976572,0da9dd81a1bd4aad8d6eeb1bf9587ca267aeacf572f793f0486685ea6ff76cbf,2007-06
18:08:26,Y:/photoOrganiser/sample_data/output/2007/06/IMG_0264.jpg,Y:/photoOrganiser/sample_data/input/07/03/IMG_0264.jpg,False,"hash matches, keep in situ destination file",1857660,b8e2ed287dbeff68581ec6908ab465010ecb3aab11bc2c805ad8f88f5bb37b8e,2007-06
18:08:26,Y:/photoOrganiser/sample_data/output/2007/06/IMG_0264.jpg,Y:/photoOrganiser/sample_data/output/2007/06/IMG_0264.jpg,True,"hash matches, keep in situ destination file",1857660,b8e2ed287dbeff68581ec6908ab465010ecb3aab11bc2c805ad8f88f5bb37b8e,2007-06
18:08:26,Y:/photoOrganiser/sample_data/output/2007/06/IMG_0265.jpg,Y:/photoOrganiser/sample_data/input/07/03/IMG_0265.jpg,False,"hash matches, keep in situ destination file",1796899,a376464876de79e58d80e58f0d1f569d3f3917203900058fbaaa345c4bcb7300,2007-06
18:08:26,Y:/photoOrganiser/sample_data/output/2007/06/IMG_0265.jpg,Y:/photoOrganiser/sample_data/output/2007/06/IMG_0265.jpg,True,"hash matches, keep in situ destination file",1796899,a376464876de79e58d80e58f0d1f569d3f3917203900058fbaaa345c4bcb7300,2007-06
18:08:26,Y:/photoOrganiser/sample_data/output/2007/06/IMG_0266.jpg,Y:/photoOrganiser/sample_data/input/07/03/IMG_0266.jpg,False,"hash matches, keep in situ destination file",1658653,5224611a0f20f9d8b046348a2daea2730ea143030997b76c56f21ccd129dcb7f,2007-06
18:08:26,Y:/photoOrganiser/sample_data/output/2007/06/IMG_0266.jpg,Y:/photoOrganiser/sample_data/output/2007/06/IMG_0266.jpg,True,"hash matches, keep in situ destination file",1658653,5224611a0f20f9d8b046348a2daea2730ea143030997b76c56f21ccd129dcb7f,2007-06
18:08:26,Y:/photoOrganiser/sample_data/output/2007/06/IMG_0267.jpg,Y:/photoOrganiser/sample_data/input/07/03/IMG_0267.jpg,False,"hash matches, keep in situ destination file",1465189,19d565c3038bab8cefb432a3c640db59c190a5b5fd6d8102001ad5fe23afa538,2007-06
18:08:26,Y:/photoOrganiser/sample_data/output/2007/06/IMG_0267.jpg,Y:/photoOrganiser/sample_data/output/2007/06/IMG_0267.jpg,True,"hash matches, keep in situ destination file",1465189,19d565c3038bab8cefb432a3c640db59c190a5b5fd6d8102001ad5fe23afa538,2007-06
18:08:26,Y:/photoOrganiser/sample_data/output/2007/06/IMG_0268.jpg,Y:/photoOrganiser/sample_data/input/07/03/IMG_0268.jpg,False,"hash matches, keep in situ destination file",2044130,282874921193e006dc27cd16ddd2af6a152709946219860a0d626eb3376ca889,2007-06
18:08:26,Y:/photoOrganiser/sample_data/output/2007/06/IMG_0268.jpg,Y:/photoOrganiser/sample_data/output/2007/06/IMG_0268.jpg,True,"hash matches, keep in situ destination file",2044130,282874921193e006dc27cd16ddd2af6a152709946219860a0d626eb3376ca889,2007-06
18:08:26,Y:/photoOrganiser/sample_data/output/2007/06/IMG_0269.jpg,Y:/photoOrganiser/sample_data/input/07/03/IMG_0269.jpg,False,"hash matches, keep in situ destination file",1846824,0220fe450c32c2c26ca3bca13fcb4c18fc357df04f6b0229ec7659be553d7c01,2007-06
18:08:26,Y:/photoOrganiser/sample_data/output/2007/06/IMG_0269.jpg,Y:/photoOrganiser/sample_data/output/2007/06/IMG_0269.jpg,True,"hash matches, keep in situ destination file",1846824,0220fe450c32c2c26ca3bca13fcb4c18fc357df04f6b0229ec7659be553d7c01,2007-06
18:08:26,Y:/photoOrganiser/sample_data/output/2007/06/IMG_0270.jpg,Y:/photoOrganiser/sample_data/input/07/03/IMG_0270.jpg,False,"hash matches, keep in situ destination file",1800573,0463900a4d41173cb5a85fe3f4936796d44196f6e9f20d790aa3d49ae4b3bc9c,2007-06
18:08:26,Y:/photoOrganiser/sample_data/output/2007/06/IMG_0270.jpg,Y:/photoOrganiser/sample_data/output/2007/06/IMG_0270.jpg,True,"hash matches, keep in situ destination file",1800573,0463900a4d41173cb5a85fe3f4936796d44196f6e9f20d790aa3d49ae4b3bc9c,2007-06
18:08:26,Y:/photoOrganiser/sample_data/output/2007/06/IMG_0271.jpg,Y:/photoOrganiser/sample_data/input/07/03/IMG_0271.jpg,False,"hash matches, keep in situ destination file",1596143,3b3482d9197a68fc51fd19b8cf5fcfb80a99e1dc69bc40c757f557c9673c92ad,2007-06
18:08:26,Y:/photoOrganiser/sample_data/output/2007/06/IMG_0271.jpg,Y:/photoOrganiser/sample_data/output/2007/06/IMG_0271.jpg,True,"hash matches, keep in situ destination file",1596143,3b3482d9197a68fc51fd19b8cf5fcfb80a99e1dc69bc40c757f557c9673c92ad,2007-06
18:08:26,Y:/photoOrganiser/sample_data/output/2007/06/IMG_0272.jpg,Y:/photoOrganiser/sample_data/input/07/03/IMG_0272.jpg,False,"hash matches, keep in situ destination file",2100605,8870d991e986e13c411720d64c333f8d18def9b6db8fc3c950d2a99d30dd09fd,2007-06
18:08:26,Y:/photoOrganiser/sample_data/output/2007/06/IMG_0272.jpg,Y:/photoOrganiser/sample_data/output/2007/06/IMG_0272.jpg,True,"hash matches, keep in situ destination file",2100605,8870d991e986e13c411720d64c333f8d18def9b6db8fc3c950d2a99d30dd09fd,2007-06
18:08:26,Y:/photoOrganiser/sample_data/output/2007/06/IMG_0273.jpg,Y:/photoOrganiser/sample_data/input/07/03/IMG_0273.jpg,False,"hash matches, keep in situ destination file",1944456,108fcfdba03ad63d5e3ed1d462f38269bb64a059427842d65325956f60bd64ad,2007-06
18:08:26,Y:/photoOrganiser/sample_data/output/2007/06/IMG_0273.jpg,Y:/photoOrganiser/sample_data/output/2007/06/IMG_0273.jpg,True,"hash matches, keep in situ destination file",1944456,108fcfdba03ad63d5e3ed1d462f38269bb64a059427842d65325956f60bd64ad,2007-06
18:08:26,Y:/photoOrganiser/sample_data/output/2007/06/IMG_0274.jpg,Y:/photoOrganiser/sample_data/input/07/03/IMG_0274.jpg,False,"hash matches, keep in situ destination file",1375739,b038786277bbd72497e8a94141102c2762d5e7a59b4342b3e82387e7c3764b7e,2007-06
18:08:26,Y:/photoOrganiser/sample_data/output/2007/06/IMG_0274.jpg,Y:/photoOrganiser/sample_data/output/2007/06/IMG_0274.jpg,True,"hash matches, keep in situ destination file",1375739,b038786277bbd72497e8a94141102c2762d5e7a59b4342b3e82387e7c3764b7e,2007-06
18:08:26,Y:/photoOrganiser/sample_data/output/2007/06/IMG_0275.jpg,Y:/photoOrganiser/sample_data/input/07/03/IMG_0275.jpg,False,"hash matches, keep in situ destination file",1489141,110d4ac5a04477a803cfdc3f0d803bfa237a402fc6cfb11522a49a3556710ff0,2007-06
18:08:26,Y:/photoOrganiser/sample_data/output/2007/06/IMG_0275.jpg,Y:/photoOrganiser/sample_data/output/2007/06/IMG_0275.jpg,True,"hash matches, keep in situ destination file",1489141,110d4ac5a04477a803cfdc3f0d803bfa237a402fc6cfb11522a49a3556710ff0,2007-06
18:08:26,Y:/photoOrganiser/sample_data/output/2007/06/IMG_0276.jpg,Y:/photoOrganiser/sample_data/input/07/03/IMG_0276.jpg,False,"hash matches, keep in situ destination file",1601732,a9f5c83484cfb0db8ae8b08e9d858842b8e896e911676c574f12e6b9634074e3,2007-06
18:08:26,Y:/photoOrganiser/sample_data/output/2007/06/IMG_0276.jpg,Y:/photoOrganiser/sample_data/output/2007/06/IMG_0276.jpg,True,"hash matches, keep in situ destination file",1601732,a9f5c83484cfb0db8ae8b08e9d858842b8e896e911676c574f12e6b9634074e3,2007-06
18:08:26,Y:/photoOrganiser/sample_data/output/2007/06/IMG_0277.jpg,Y:/photoOrganiser/sample_data/input/07/03/IMG_0277.jpg,False,"hash matches, keep in situ destination file",2073317,c51b45c5b37728559150d4d502d12224fe272a34c7d94a2213259c40d6c7e275,2007-06
18:08:26,Y:/photoOrganiser/sample_data/output/2007/06/IMG_0277.jpg,Y:/photoOrganiser/sample_data/output/2007/06/IMG_0277.jpg,True,"hash matches, keep in situ destination file",2073317,c51b45c5b37728559150d4d502d12224fe272a34c7d94a2213259c40d6c7e275,2007-06
18:08:26,Y:/photoOrganiser/sample_data/output/2007/06/IMG_0278.jpg,Y:/photoOrganiser/sample_data/input/07/03/IMG_0278.jpg,False,"hash matches, keep in situ destination file",1728652,ddfcdbb4812a64cc7f8d3c2d2d87746313a720e5dbed282922137fbb4e1aa407,2007-06
18:08:26,Y:/photoOrganiser/sample_data/output/2007/06/IMG_0278.jpg,Y:/photoOrganiser/sample_data/output/2007/06/IMG_0278.jpg,True,"hash matches, keep in situ destination file",1728652,ddfcdbb4812a64cc7f8d3c2d2d87746313a720e5dbed282922137fbb4e1aa407,2007-06
18:08:26,Y:/photoOrganiser/sample_data/output/2007/06/IMG_0279.jpg,Y:/photoOrganiser/sample_data/input/07/03/IMG_0279.jpg,False,"hash matches, keep in situ destination file",1719695,b8108e41f510e6efea790f728b020d63b00d0b6c4026a58864b02278e0f5a758,2007-06
18:08:26,Y:/photoOrganiser/sample_data/output/2007/06/IMG_0279.jpg,Y:/photoOrganiser/sample_data/output/2007/06/IMG_0279.jpg,True,"hash matches, keep in situ destination file",1719695,b8108e41f510e6efea790f728b020d63b00d0b6c4026a58864b02278e0f5a758,2007-06
18:08:26,Y:/photoOrganiser/sample_data/output/2007/06/IMG_0280.jpg,Y:/photoOrganiser/sample_data/input/07/03/IMG_0280.jpg,False,"hash matches, keep in situ destination file",1873896,6ecb70f6a5261bc058093798e81b2293502870bf45ee30de5d47878f9596c41e,2007-06
18:08:26,Y:/photoOrganiser/sample_data/output/2007/06/IMG_0280.jpg,Y:/photoOrganiser/sample_data/output/2007/06/IMG_0280.jpg,True,"hash matches, keep in situ destination file",1873896,6ecb70f6a5261bc058093798e81b2293502870bf45ee30de5d47878f9596c41e,2007-06
18:08:26,Y:/photoOrganiser/sample_data/output/2007/06/IMG_0281.jpg,Y:/photoOrganiser/sample_data/input/07/03/IMG_0281.jpg,False,"hash matches, keep in situ destination file",1690574,421296f2afbe02ec62e5b0ee5df3773ea8151d3e3b8c98b9c374fda82f4d5921,2007-06
18:08:26,Y:/photoOrganiser/sample_data/output/2007/06/IMG_0281.jpg,Y:/photoOrganiser/sample_data/output/2007/06/IMG_0281.jpg,True,"hash matches, keep in situ destination file",1690574,421296f2afbe02ec62e5b0ee5df3773ea8151d3e3b8c98b9c374fda82f4d5921,2007-06
18:08:26,Y:/photoOrganiser/sample_data/output/2007/06/IMG_0282.jpg,Y:/photoOrganiser/sample_data/input/07/03/IMG_0282.jpg,False,"hash matches, keep in situ destination file",1591535,c945a1b1059dcd9f86ff8bcff0ee6958b03c593521fe183c94c62f91b73867e5,2007-06
18:08:26,Y:/photoOrganiser/sample_data/output/2007/06/IMG_0282.jpg,Y:/photoOrganiser/sample_data/output/2007/06/IMG_0282.jpg,True,"hash matches, keep in situ destination file",1591535,c945a1b1059dcd9f86ff8bcff0ee6958b03c593521fe183c94c62f91b73867e5,2007-06
18:08:26,Y:/photoOrganiser/sample_data/output/2007/06/IMG_0283.jpg,Y:/photoOrganiser/sample_data/input/07/03/IMG_0283.jpg,False,"hash matches, keep in situ destination file",1709744,91745bec9d2de19699931c6d045ebb7c8a7f607f907bf7998c4c3c5799d181f0,2007-06
18:08:26,Y:/photoOrganiser/sample_data/output/2007/06/IMG_0283.jpg,Y:/photoOrganiser/sample_data/output/2007/06/IMG_0283.jpg,True,"hash matches, keep in situ destination file",1709744,91745bec9d2de19699931c6d045ebb7c8a7f607f907bf7998c4c3c5799d181f0,2007-06
18:08:26,Y:/photoOrganiser/sample_data/output/2007/06/IMG_0284.jpg,Y:/photoOrganiser/sample_data/input/07/03/IMG_0284.jpg,False,"hash matches, keep in situ destination file",1447228,bfe5ba30c915005b6364b0c415eb7366fe6eb57ac6717502a5aa577ef687d815,2007-06
18:08:26,Y:/photoOrganiser/sample_data/output/2007/06/IMG_0284.jpg,Y:/photoOrganiser/sample_data/output/2007/06/IMG_0284.jpg,True,"hash matches, keep in situ destination file",1447228,bfe5ba30c915005b6364b0c415eb7366fe6eb57ac6717502a5aa577ef687d815,2007-06
18:08:26,Y:/photoOrganiser/sample_data/output/2007/06/IMG_0285.jpg,Y:/photoOrganiser/sample_data/input/07/03/IMG_0285.jpg,False,"hash matches, keep in situ destination file",1834660,cf684f681a06b367a118ebe18f62bd8b8ad4de46a94870708c0cf324efc732c8,2007-06
18:08:26,Y:/photoOrganiser/sample_data/output/2007/06/IMG_0285.jpg,Y:/photoOrganiser/sample_data/output/2007/06/IMG_0285.jpg,True,"hash matches, keep in situ destination file",1834660,cf684f681a06b367a118ebe18f62bd8b8ad4de46a94870708c0cf324efc732c8,2007-06
18:08:26,Y:/photoOrganiser/sample_data/output/2007/06/IMG_0286.jpg,Y:/photoOrganiser/sample_data/input/07/03/IMG_0286.jpg,False,"hash matches, keep in situ destination file",1536146,ac115aa60fa7169a4481441ad95a70ee54b4bd5b22bbc06a54fa19d31ba08c4d,2007-06
18:08:26,Y:/photoOrganiser/sample_data/output/2007/06/IMG_0286.jpg,Y:/photoOrganiser/sample_data/output/2007/06/IMG_0286.jpg,True,"hash matches, keep in situ destination file",1536146,ac115aa60fa7169a4481441ad95a70ee54b4bd5b22bbc06a54fa19d31ba08c4d,2007-06
18:08:26,Y:/photoOrganiser/sample_data/output/2007/06/IMG_0288.jpg,Y:/photoOrganiser/sample_data/input/07/03/IMG_0288.jpg,False,"hash matches, keep in situ destination file",2288852,52cff6749862a46d293ff69da682b39f8f86bc4b78a0f9e314d81e345d42ebc0,2007-06
18:08:26,Y:/photoOrganiser/sample_data/output/2007/06/IMG_0288.jpg,Y:/photoOrganiser/sample_data/output/2007/06/IMG_0288.jpg,True,"hash matches, keep in situ destination file",2288852,52cff6749862a46d293ff69da682b39f8f86bc4b78a0f9e314d81e345d42ebc0,2007-06
18:08:26,Y:/photoOrganiser/sample_data/output/2007/06/IMG_0289.jpg,Y:/photoOrganiser/sample_data/input/07/03/IMG_0289.jpg,False,"hash matches, keep in situ destination file",2149193,de6b59381cac5248818a242d47cffd548340978acfb73e4aab3549441fe65ad4,2007-06
18:08:26,Y:/photoOrganiser/sample_data/output/2007/06/IMG_0289.jpg,Y:/photoOrganiser/sample_data/output/2007/06/IMG_0289.jpg,True,"hash matches, keep in situ destination file",2149193,de6b59381cac5248818a242d47cffd548340978acfb73e4aab3549441fe65ad4,2007-06
18:08:26,Y:/photoOrganiser/sample_data/output/2007/06/IMG_0290.jpg,Y:/photoOrganiser/sample_data/input/07/03/IMG_0290.jpg,False,"hash matches, keep in situ destination file",1916636,9142bdb176e64c490bd84b1eef01016b59afae7bb3acba614afde0aa43c2c19b,2007-06
18:08:26,Y:/photoOrganiser/sample_data/output/2007/06/IMG_0290.jpg,Y:/photoOrganiser/sample_data/output/2007/06/IMG_0290.jpg,True,"hash matches, keep in situ destination file",1916636,9142bdb176e64c490bd84b1eef01016b59afae7bb3acba614afde0aa43c2c19b,2007-06
18:08:26,Y:/photoOrganiser/sample_data/output/2007/06/IMG_0291.jpg,Y:/photoOrganiser/sample_data/input/07/03/IMG_0291.jpg,False,"hash matches, keep in situ destination file",2613210,1489857af690cb8223b1e5cbff061169281a5b752c283c329d4ff9f715664ca3,2007-06
18:08:26,Y:/photoOrganiser/sample_data/output/2007/06/IMG_0291.jpg,Y:/photoOrganiser/sample_data/output/2007/06/IMG_0291.jpg,True,"hash matches, keep in situ destination file",2613210,1489857af690cb8223b1e5cbff061169281a5b752c283c329d4ff9f715664ca3,2007-06
18:08:26,Y:/photoOrganiser/sample_data/output/2007/06/IMG_0292.jpg,Y:/photoOrganiser/sample_data/input/07/03/IMG_0292.jpg,False,"hash matches, keep in situ destination file",2806407,aa9f2f4d25b0c1ac85461f84c20a71ae5f9733e085d07b5fc9a124f398ca6437,2007-06
18:08:26,Y:/photoOrganiser/sample_data/output/2007/06/IMG_0292.jpg,Y:/photoOrganiser/sample_data/output/2007/06/IMG_0292.jpg,True,"hash matches, keep in situ destination file",2806407,aa9f2f4d25b0c1ac85461f84c20a71ae5f9733e085d07b5fc9a124f398ca6437,2007-06
18:08:26,Y:/photoOrganiser/sample_data/output/2007/06/IMG_0293.jpg,Y:/photoOrganiser/sample_data/input/07/03/IMG_0293.jpg,False,"hash matches, keep in situ destination file",2258675,c7bc7b81b5d7304e2b9e8ba2286ae6c66cdc16f0bae366d7ccdb5f9ce7d0f349,2007-06
18:08:26,Y:/photoOrganiser/sample_data/output/2007/06/IMG_0293.jpg,Y:/photoOrganiser/sample_data/output/2007/06/IMG_0293.jpg,True,"hash matches, keep in situ destination file",2258675,c7bc7b81b5d7304e2b9e8ba2286ae6c66cdc16f0bae366d7ccdb5f9ce7d0f349,2007-06
18:08:26,Y:/photoOrganiser/sample_data/output/2007/06/IMG_0294.jpg,Y:/photoOrganiser/sample_data/input/07/03/IMG_0294.jpg,False,"hash matches, keep in situ destination file",1780411,6297795ddacf63b47e2757f1b810d8386b4276b1a58470c745fd7159a625d8d3,2007-06
18:08:26,Y:/photoOrganiser/sample_data/output/2007/06/IMG_0294.jpg,Y:/photoOrganiser/sample_data/output/2007/06/IMG_0294.jpg,True,"hash matches, keep in situ destination file",1780411,6297795ddacf63b47e2757f1b810d8386b4276b1a58470c745fd7159a625d8d3,2007-06
18:08:26,Y:/photoOrganiser/sample_data/output/2007/06/IMG_0295.jpg,Y:/photoOrganiser/sample_data/input/07/03/IMG_0295.jpg,False,"hash matches, keep in situ destination file",1878756,cda4517d2ea16d75d5780ad6697a3fb77ef1044e42671fad9e2df90529c01902,2007-06
18:08:26,Y:/photoOrganiser/sample_data/output/2007/06/IMG_0295.jpg,Y:/photoOrganiser/sample_data/output/2007/06/IMG_0295.jpg,True,"hash matches, keep in situ destination file",1878756,cda4517d2ea16d75d5780ad6697a3fb77ef1044e42671fad9e2df90529c01902,2007-06
18:08:26,Y:/photoOrganiser/sample_data/output/2007/06/IMG_0296.jpg,Y:/photoOrganiser/sample_data/input/07/03/IMG_0296.jpg,False,"hash matches, keep in situ destination file",1703140,b305ee65dcce7d508e8423677038ca615d9a74167c82b8bcd2cc56a53c80a471,2007-06
18:08:26,Y:/photoOrganiser/sample_data/output/2007/06/IMG_0296.jpg,Y:/photoOrganiser/sample_data/output/2007/06/IMG_0296.jpg,True,"hash matches, keep in situ destination file",1703140,b305ee65dcce7d508e8423677038ca615d9a74167c82b8bcd2cc56a53c80a471,2007-06
18:08:26,Y:/photoOrganiser/sample_data/output/2007/06/IMG_0297.jpg,Y:/photoOrganiser/sample_data/input/07/03/IMG_0297.jpg,False,"hash matches, keep in situ destination file",1544135,8aecd9a749a91c24b17179bff6be5895cda822ec17576d199360164dc8d690ab,2007-06
18:08:26,Y:/photoOrganiser/sample_data/output/2007/06/IMG_0297.jpg,Y:/photoOrganiser/sample_data/output/2007/06/IMG_0297.jpg,True,"hash matches, keep in situ destination file",1544135,8aecd9a749a91c24b17179bff6be5895cda822ec17576d199360164dc8d690ab,2007-06
18:08:26,Y:/photoOrganiser/sample_data/output/2007/06/IMG_0298.jpg,Y:/photoOrganiser/sample_data/input/07/03/IMG_0298.jpg,False,"hash matches, keep in situ destination file",1750747,24d3857ebd9636c6db4938bceac3e142a9aa9865c37990da9c0c039ac24d894b,2007-06
18:08:26,Y:/photoOrganiser/sample_data/output/2007/06/IMG_0298.jpg,Y:/photoOrganiser/sample_data/output/2007/06/IMG_0298.jpg,True,"hash matches, keep in situ destination file",1750747,24d3857ebd9636c6db4938bceac3e142a9aa9865c37990da9c0c039ac24d894b,2007-06
18:08:26,Y:/photoOrganiser/sample_data/output/2007/06/IMG_0299.jpg,Y:/photoOrganiser/sample_data/input/07/03/IMG_0299.jpg,False,"hash matches, keep in situ destination file",1641058,a09ba7f702fec53d5b2c879152da7f18a539a2c5bdd7c44b5b3090a88f652865,2007-06
18:08:26,Y:/photoOrganiser/sample_data/output/2007/06/IMG_0299.jpg,Y:/photoOrganiser/sample_data/output/2007/06/IMG_0299.jpg,True,"hash matches, keep in situ destination file",1641058,a09ba7f702fec53d5b2c879152da7f18a539a2c5bdd7c44b5b3090a88f652865,2007-06
18:08:26,Y:/photoOrganiser/sample_data/output/2007/06/IMG_0300.jpg,Y:/photoOrganiser/sample_data/input/07/03/IMG_0300.jpg,False,"hash matches, keep in situ destination file",1518892,ae74aeb1c30035414a011cb2b71a0ec9c7706c11241b92d9eba382fea8d85830,2007-06
18:08:26,Y:/photoOrganiser/sample_data/output/2007/06/IMG_0300.jpg,Y:/photoOrganiser/sample_data/output/2007/06/IMG_0300.jpg,True,"hash matches, keep in situ destination file",1518892,ae74aeb1c30035414a011cb2b71a0ec9c7706c11241b92d9eba382fea8d85830,2007-06
18:08:26,Y:/photoOrganiser/sample_data/output/2007/06/IMG_0301.jpg,Y:/photoOrganiser/sample_data/input/07/03/IMG_0301.jpg,False,"hash matches, keep in situ destination file",1987896,37b927b405ef1f399cd3693d57b193802cf8efffca4c431fc88ce6bd4b08d3b4,2007-06
18:08:26,Y:/photoOrganiser/sample_data/output/2007/06/IMG_0301.jpg,Y:/photoOrganiser/sample_data/output/2007/06/IMG_0301.jpg,True,"hash matches, keep in situ destination file",1987896,37b927b405ef1f399cd3693d57b193802cf8efffca4c431fc88ce6bd4b08d3b4,2007-06
18:08:26,Y:/photoOrganiser/sample_data/output/2007/06/IMG_0302.jpg,Y:/photoOrganiser/sample_data/input/07/03/IMG_0302.jpg,False,"hash matches, keep in situ destination file",1698351,cfde452b584ad274b3c38134d43210a2ff44fcc7742037c818fee4ada03e6168,2007-06
18:08:26,Y:/photoOrganiser/sample_data/output/2007/06/IMG_0302.jpg,Y:/photoOrganiser/sample_data/output/2007/06/IMG_0302.jpg,True,"hash matches, keep in situ destination file",1698351,cfde452b584ad274b3c38134d43210a2ff44fcc7742037c818fee4ada03e6168,2007-06
18:08:26,Y:/photoOrganiser/sample_data/output/2007/06/IMG_0303.jpg,Y:/photoOrganiser/sample_data/input/07/03/IMG_0303.jpg,False,"hash matches, keep in situ destination file",1762563,7699bd16b69f41adf86039edab1ce5c4f5226b7dd4c5c77739762a6a49a9d32d,2007-06
18:08:26,Y:/photoOrganiser/sample_data/output/2007/06/IMG_0303.jpg,Y:/photoOrganiser/sample_data/output/2007/06/IMG_0303.jpg,True,"hash matches, keep in situ destination file",1762563,7699bd16b69f41adf86039edab1ce5c4f5226b7dd4c5c77739762a6a49a9d32d,2007-06
18:08:26,Y:/photoOrganiser/sample_data/output/2007/06/IMG_0304.jpg,Y:/photoOrganiser/sample_data/input/07/03/IMG_0304.jpg,False,"hash matches, keep in situ destination file",1386475,787ce27004f3716e970b26fe0e16d8f6dcd4856bfc55ff0498b99aec6d596701,2007-06
18:08:26,Y:/photoOrganiser/sample_data/output/2007/06/IMG_0304.jpg,Y:/photoOrganiser/sample_data/output/2007/06/IMG_0304.jpg,True,"hash matches, keep in situ destination file",1386475,787ce27004f3716e970b26fe0e16d8f6dcd4856bfc55ff0498b99aec6d596701,2007-06
18:08:26,Y:/photoOrganiser/sample_data/output/2007/06/IMG_0305.jpg,Y:/photoOrganiser/sample_data/input/07/03/IMG_0305.jpg,False,"hash matches, keep in situ destination file",1562543,3e1cb7b180d0baa7d3455579f6924e16121ad69cddaae10bde696a5471375bea,2007-06
18:08:26,Y:/photoOrganiser/sample_data/output/2007/06/IMG_0305.jpg,Y:/photoOrganiser/sample_data/output/2007/06/IMG_0305.jpg,True,"hash matches, keep in situ destination file",1562543,3e1cb7b180d0baa7d3455579f6924e16121ad69cddaae10bde696a5471375bea,2007-06
18:08:26,Y:/photoOrganiser/sample_data/output/2007/06/IMG_0306.jpg,Y:/photoOrganiser/sample_data/input/07/03/IMG_0306.jpg,False,"hash matches, keep in situ destination file",1741042,0e23113357184eceae8a8d41fb939a20f1b0a6994bf00f0274d8e5e38d4bedb1,2007-06
18:08:26,Y:/photoOrganiser/sample_data/output/2007/06/IMG_0306.jpg,Y:/photoOrganiser/sample_data/output/2007/06/IMG_0306.jpg,True,"hash matches, keep in situ destination file",1741042,0e23113357184eceae8a8d41fb939a20f1b0a6994bf00f0274d8e5e38d4bedb1,2007-06
18:08:26,Y:/photoOrganiser/sample_data/output/2007/06/IMG_0307.jpg,Y:/photoOrganiser/sample_data/input/07/03/IMG_0307.jpg,False,"hash matches, keep in situ destination file",1929795,fc433b53ccc20a5eb518e6fb6c411aa5a0d9000512d90a67aeb8cf17d5494bac,2007-06
18:08:26,Y:/photoOrganiser/sample_data/output/2007/06/IMG_0307.jpg,Y:/photoOrganiser/sample_data/output/2007/06/IMG_0307.jpg,True,"hash matches, keep in situ destination file",1929795,fc433b53ccc20a5eb518e6fb6c411aa5a0d9000512d90a67aeb8cf17d5494bac,2007-06
18:08:26,Y:/photoOrganiser/sample_data/output/2007/06/IMG_0308.jpg,Y:/photoOrganiser/sample_data/input/07/03/IMG_0308.jpg,False,"hash matches, keep in situ destination file",1582623,f683fa497f8bc333c7cf9d592c854ead5ad1e297ef7aebd5ed581d4c5de232fd,2007-06
18:08:26,Y:/photoOrganiser/sample_data/output/2007/06/IMG_0308.jpg,Y:/photoOrganiser/sample_data/output/2007/06/IMG_0308.jpg,True,"hash matches, keep in situ destination file",1582623,f683fa497f8bc333c7cf9d592c854ead5ad1e297ef7aebd5ed581d4c5de232fd,2007-06
18:08:26,Y:/photoOrganiser/sample_data/output/2007/06/IMG_0309.jpg,Y:/photoOrganiser/sample_data/input/07/03/IMG_0309.jpg,False,"hash matches, keep in situ destination file",1497661,5ea82ed343eab4a8d413168170dbb49a9f186ebbb78e00a263a1e2b230059d2f,2007-06
18:08:26,Y:/photoOrganiser/sample_data/output/2007/06/IMG_0309.jpg,Y:/photoOrganiser/sample_data/output/2007/06/IMG_0309.jpg,True,"hash matches, keep in situ destination file",1497661,5ea82ed343eab4a8d413168170dbb49a9f186ebbb78e00a263a1e2b230059d2f,2007-06
18:08:26,Y:/photoOrganiser/sample_data/output/2007/06/IMG_0310.jpg,Y:/photoOrganiser/sample_data/input/07/03/IMG_0310.jpg,False,"hash matches, keep in situ destination file",1613418,df272610bb64d57deb42188076d8bce08e315681a30697e155a9e26ab1dfae3c,2007-06
18:08:26,Y:/photoOrganiser/sample_data/output/2007/06/IMG_0310.jpg,Y:/photoOrganiser/sample_data/output/2007/06/IMG_0310.jpg,True,"hash matches, keep in situ destination file",1613418,df272610bb64d57deb42188076d8bce08e315681a30697e155a9e26ab1dfae3c,2007-06
18:08:26,Y:/photoOrganiser/sample_data/output/2007/06/IMG_0311.jpg,Y:/photoOrganiser/sample_data/input/07/03/IMG_0311.jpg,False,"hash matches, keep in situ destination file",1640522,914a0ae158b40cbe9fc60f8775fbb4da0cb754f4aaee1d0772e561e20905c56a,2007-06
18:08:26,Y:/photoOrganiser/sample_data/output/2007/06/IMG_0311.jpg,Y:/photoOrganiser/sample_data/output/2007/06/IMG_0311.jpg,True,"hash matches, keep in situ destination file",1640522,914a0ae158b40cbe9fc60f8775fbb4da0cb754f4aaee1d0772e561e20905c56a,2007-06
18:08:26,Y:/photoOrganiser/sample_data/output/2007/06/IMG_0312.jpg,Y:/photoOrganiser/sample_data/input/07/03/IMG_0312.jpg,False,"hash matches, keep in situ destination file",1671099,6a6938d66f83220d4fe14e2bf3a8cf8d9ab91e9d12c68e9dda060a90e0a8f287,2007-06
18:08:26,Y:/photoOrganiser/sample_data/output/2007/06/IMG_0312.jpg,Y:/photoOrganiser/sample_data/output/2007/06/IMG_0312.jpg,True,"hash matches, keep in situ destination file",1671099,6a6938d66f83220d4fe14e2bf3a8cf8d9ab91e9d12c68e9dda060a90e0a8f287,2007-06
18:08:26,Y:/photoOrganiser/sample_data/output/2007/06/IMG_0313.jpg,Y:/photoOrganiser/sample_data/input/07/03/IMG_0313.jpg,False,"hash matches, keep in situ destination file",1842681,9f7731da12bd423ae025e3a476cb183ec21d7abdf30a6ab7a4601f7da310e2c2,2007-06
18:08:26,Y:/photoOrganiser/sample_data/output/2007/06/IMG_0313.jpg,Y:/photoOrganiser/sample_data/output/2007/06/IMG_0313.jpg,True,"hash matches, keep in situ destination file",1842681,9f7731da12bd423ae025e3a476cb183ec21d7abdf30a6ab7a4601f7da310e2c2,2007-06
18:08:26,Y:/photoOrganiser/sample_data/output/2007/06/IMG_0314.jpg,Y:/photoOrganiser/sample_data/input/07/03/IMG_0314.jpg,False,"hash matches, keep in situ destination file",1807291,b6d7ce13975285095b012a7ef9af42a5570914bc95fda022553199d5782d7e8e,2007-06
18:08:26,Y:/photoOrganiser/sample_data/output/2007/06/IMG_0314.jpg,Y:/photoOrganiser/sample_data/output/2007/06/IMG_0314.jpg,True,"hash matches, keep in situ destination file",1807291,b6d7ce13975285095b012a7ef9af42a5570914bc95fda022553199d5782d7e8e,2007-06
18:08:26,Y:/photoOrganiser/sample_data/output/2007/06/IMG_0315.jpg,Y:/photoOrganiser/sample_data/input/07/03/IMG_0315.jpg,False,"hash matches, keep in situ destination file",1755444,f2f05ab3722cfbb13d53497dcfd2595507c3487f33e2468d4c361e2838f48ce0,2007-06
18:08:26,Y:/photoOrganiser/sample_data/output/2007/06/IMG_0315.jpg,Y:/photoOrganiser/sample_data/output/2007/06/IMG_0315.jpg,True,"hash matches, keep in situ destination file",1755444,f2f05ab3722cfbb13d53497dcfd2595507c3487f33e2468d4c361e2838f48ce0,2007-06
18:08:26,Y:/photoOrganiser/sample_data/output/2007/06/IMG_0316.jpg,Y:/photoOrganiser/sample_data/input/07/03/IMG_0316.jpg,False,"hash matches, keep in situ destination file",1783223,a41fcc27f0bc639f37ffc3044be17862227f499ccae7cf74958a6d1bf86e013e,2007-06
18:08:26,Y:/photoOrganiser/sample_data/output/2007/06/IMG_0316.jpg,Y:/photoOrganiser/sample_data/output/2007/06/IMG_0316.jpg,True,"hash matches, keep in situ destination file",1783223,a41fcc27f0bc639f37ffc3044be17862227f499ccae7cf74958a6d1bf86e013e,2007-06
18:08:26,Y:/photoOrganiser/sample_data/output/2007/06/IMG_0317.jpg,Y:/photoOrganiser/sample_data/input/07/03/IMG_0317.jpg,False,"hash matches, keep in situ destination file",1602632,838e88c1237e097d79ae063fa7cb7488635e6927f3b9a7c291f0d128fe2019fd,2007-06
18:08:26,Y:/photoOrganiser/sample_data/output/2007/06/IMG_0317.jpg,Y:/photoOrganiser/sample_data/output/2007/06/IMG_0317.jpg,True,"hash matches, keep in situ destination file",1602632,838e88c1237e097d79ae063fa7cb7488635e6927f3b9a7c291f0d128fe2019fd,2007-06
18:08:26,Y:/photoOrganiser/sample_data/output/2007/06/IMG_0318.jpg,Y:/photoOrganiser/sample_data/input/07/03/IMG_0318.jpg,False,"hash matches, keep in situ destination file",1526528,5c83edf3d6466d484f5893c69494742919f3015a6c0b8655ad10fe5bc9c157f4,2007-06
18:08:26,Y:/photoOrganiser/sample_data/output/2007/06/IMG_0318.jpg,Y:/photoOrganiser/sample_data/output/2007/06/IMG_0318.jpg,True,"hash matches, keep in situ destination file",1526528,5c83edf3d6466d484f5893c69494742919f3015a6c0b8655ad10fe5bc9c157f4,2007-06
18:08:26,Y:/photoOrganiser/sample_data/output/2007/06/IMG_0319.jpg,Y:/photoOrganiser/sample_data/input/07/03/IMG_0319.jpg,False,"hash matches, keep in situ destination file",1770793,98c50f7c5804cb2953b7b99093ad72ff04782c03ccce6ceb876c93f5c32861be,2007-06
18:08:26,Y:/photoOrganiser/sample_data/output/2007/06/IMG_0319.jpg,Y:/photoOrganiser/sample_data/output/2007/06/IMG_0319.jpg,True,"hash matches, keep in situ destination file",1770793,98c50f7c5804cb2953b7b99093ad72ff04782c03ccce6ceb876c93f5c32861be,2007-06
18:08:26,Y:/photoOrganiser/sample_data/output/2007/06/IMG_0320.jpg,Y:/photoOrganiser/sample_data/input/07/03/IMG_0320.jpg,False,"hash matches, keep in situ destination file",1345460,3d919ad89544f58b764e77ef5bbbbc532ca2a1e4527265049f6857b77e2e8010,2007-06
18:08:26,Y:/photoOrganiser/sample_data/output/2007/06/IMG_0320.jpg,Y:/photoOrganiser/sample_data/output/2007/06/IMG_0320.jpg,True,"hash matches, keep in situ destination file",1345460,3d919ad89544f58b764e77ef5bbbbc532ca2a1e4527265049f6857b77e2e8010,2007-06
18:08:26,Y:/photoOrganiser/sample_data/output/2007/06/IMG_0321.jpg,Y:/photoOrganiser/sample_data/input/07/03/IMG_0321.jpg,False,"hash matches, keep in situ destination file",1318982,0ee7e5df2209f74e4ae0831d7e6c928ffe73657dac87003cf69d4f7061155cc3,2007-06
18:08:26,Y:/photoOrganiser/sample_data/output/2007/06/IMG_0321.jpg,Y:/photoOrganiser/sample_data/output/2007/06/IMG_0321.jpg,True,"hash matches, keep in situ destination file",1318982,0ee7e5df2209f74e4ae0831d7e6c928ffe73657dac87003cf69d4f7061155cc3,2007-06
18:08:26,Y:/photoOrganiser/sample_data/output/2007/06/IMG_0322.jpg,Y:/photoOrganiser/sample_data/input/07/03/IMG_0322.jpg,False,"hash matches, keep in situ destination file",1639103,ec20ac4669de0173f0faf7faa45813215a510301b24a7401b5ed1cfb15be2c20,2007-06
18:08:26,Y:/photoOrganiser/sample_data/output/2007/06/IMG_0322.jpg,Y:/photoOrganiser/sample_data/output/2007/06/IMG_0322.jpg,True,"hash matches, keep in situ destination file",1639103,ec20ac4669de0173f0faf7faa45813215a510301b24a7401b5ed1cfb15be2c20,2007-06
18:08:26,Y:/photoOrganiser/sample_data/output/2007/06/IMG_0323.jpg,Y:/photoOrganiser/sample_data/input/07/03/IMG_0323.jpg,False,"hash matches, keep in situ destination file",1824811,d3e5ac01475d9baa7fe030b14212bc8c2f698853c4de460339b1bb7b3c3179e6,2007-06
18:08:26,Y:/photoOrganiser/sample_data/output/2007/06/IMG_0323.jpg,Y:/photoOrganiser/sample_data/output/2007/06/IMG_0323.jpg,True,"hash matches, keep in situ destination file",1824811,d3e5ac01475d9baa7fe030b14212bc8c2f698853c4de460339b1bb7b3c3179e6,2007-06
18:08:26,Y:/photoOrganiser/sample_data/output/2007/06/IMG_0324.jpg,Y:/photoOrganiser/sample_data/input/07/03/IMG_0324.jpg,False,"hash matches, keep in situ destination file",1433226,b01c73d93434c85af2c906f2bb7cfc820f60730c726bce7c68f50ca1c4920903,2007-06
18:08:26,Y:/photoOrganiser/sample_data/output/2007/06/IMG_0324.jpg,Y:/photoOrganiser/sample_data/output/2007/06/IMG_0324.jpg,True,"hash matches, keep in situ destination file",1433226,b01c73d93434c85af2c906f2bb7cfc820f60730c726bce7c68f50ca1c4920903,2007-06
18:08:26,Y:/photoOrganiser/sample_data/output/2007/06/IMG_0325.jpg,Y:/photoOrganiser/sample_data/input/07/03/IMG_0325.jpg,False,"hash matches, keep in situ destination file",1308711,870eab77bfb1a4f9758f1713f572c5bc451d20ff85bf188a4d6162c5b90c41f4,2007-06
18:08:26,Y:/photoOrganiser/sample_data/output/2007/06/IMG_0325.jpg,Y:/photoOrganiser/sample_data/output/2007/06/IMG_0325.jpg,True,"hash matches, keep in situ destination file",1308711,870eab77bfb1a4f9758f1713f572c5bc451d20ff85bf188a4d6162c5b90c41f4,2007-06
18:08:26,Y:/photoOrganiser/sample_data/output/2007/06/IMG_0326.jpg,Y:/photoOrganiser/sample_data/input/07/03/IMG_0326.jpg,False,"hash matches, keep in situ destination file",1478723,4bfc21fc567c6d7a258e41a0c646957aa67806e232828bcc7ddcef26d30b923c,2007-06
18:08:26,Y:/photoOrganiser/sample_data/output/2007/06/IMG_0326.jpg,Y:/photoOrganiser/sample_data/output/2007/06/IMG_0326.jpg,True,"hash matches, keep in situ destination file",1478723,4bfc21fc567c6d7a258e41a0c646957aa67806e232828bcc7ddcef26d30b923c,2007-06
18:08:26,Y:/photoOrganiser/sample_data/output/2007/06/IMG_0327.jpg,Y:/photoOrganiser/sample_data/input/07/03/IMG_0327.jpg,False,"hash matches, keep in situ destination file",1427212,b01f9391f768adfb866907727ac60e5dbdd907570bdef49afe1e0620c56dcc8f,2007-06
18:08:26,Y:/photoOrganiser/sample_data/output/2007/06/IMG_0327.jpg,Y:/photoOrganiser/sample_data/output/2007/06/IMG_0327.jpg,True,"hash matches, keep in situ destination file",1427212,b01f9391f768adfb866907727ac60e5dbdd907570bdef49afe1e0620c56dcc8f,2007-06
18:08:26,Y:/photoOrganiser/sample_data/output/2007/06/IMG_0328.jpg,Y:/photoOrganiser/sample_data/input/07/03/IMG_0328.jpg,False,"hash matches, keep in situ destination file",1645863,ec90fb23c12ebe9bfee4212562b456f92cef56aee14669fd77adf000cf1756c4,2007-06
18:08:26,Y:/photoOrganiser/sample_data/output/2007/06/IMG_0328.jpg,Y:/photoOrganiser/sample_data/output/2007/06/IMG_0328.jpg,True,"hash matches, keep in situ destination file",1645863,ec90fb23c12ebe9bfee4212562b456f92cef56aee14669fd77adf000cf1756c4,2007-06
18:08:26,Y:/photoOrganiser/sample_data/output/2005/12/DSCF1268.JPG,Y:/photoOrganiser/sample_data/input/07/09/DSCF1268.JPG,False,"hash matches, keep in situ destination file",1544839,998bafc2bb415467c0ed95ca65d0f1454adc0a0339b54fa08ae82e042398c2e4,2005-12
18:08:26,Y:/photoOrganiser/sample_data/output/2005/12/DSCF1268.JPG,Y:/photoOrganiser/sample_data/output/2005/12/DSCF1268.JPG,True,"hash matches, keep in situ destination file",1544839,998bafc2bb415467c0ed95ca65d0f1454adc0a0339b54fa08ae82e042398c2e4,2005-12
18:08:26,Y:/photoOrganiser/sample_data/output/2005/12/DSCF1269.JPG,Y:/photoOrganiser/sample_data/input/07/09/DSCF1269.JPG,False,"hash matches, keep in situ destination file",1617841,5d02c1e56ed13926f577b7d46ed4d33f884dbc52eef647972ff48372010198c8,2005-12
18:08:26,Y:/photoOrganiser/sample_data/output/2005/12/DSCF1269.JPG,Y:/photoOrganiser/sample_data/output/2005/12/DSCF1269.JPG,True,"hash matches, keep in situ destination file",1617841,5d02c1e56ed13926f577b7d46ed4d33f884dbc52eef647972ff48372010198c8,2005-12
18:08:26,Y:/photoOrganiser/sample_data/output/2007/07/Copy of IMG_0021.JPG,Y:/photoOrganiser/sample_data/input/07/29/Copy of IMG_0021.JPG,False,"hash matches, keep in situ destination file",1814066,015d02b5774086e3cb27b5e91f36b4df409c9c4b79f4f394c06079db4e1e6476,2007-07
18:08:26,Y:/photoOrganiser/sample_data/output/2007/07/Copy of IMG_0021.JPG,Y:/photoOrganiser/sample_data/output/2007/07/Copy of IMG_0021.JPG,True,"hash matches, keep in situ destination file",1814066,015d02b5774086e3cb27b5e91f36b4df409c9c4b79f4f394c06079db4e1e6476,2007-07
18:08:26,Y:/photoOrganiser/sample_data/output/2007/07/IMG_0001.JPG,Y:/photoOrganiser/sample_data/input/07/29/IMG_0001.JPG,False,"hash matches, keep in situ destination file",1971899,dc9a12736d18abe36a263b151006dce11b2a1e2904ce0698292f89c295408943,2007-07
18:08:26,Y:/photoOrganiser/sample_data/output/2007/07/IMG_0001.JPG,Y:/photoOrganiser/sample_data/output/2007/07/IMG_0001.JPG,True,"hash matches, keep in situ destination file",1971899,dc9a12736d18abe36a263b151006dce11b2a1e2904ce0698292f89c295408943,2007-07
18:08:26,Y:/photoOrganiser/sample_data/output/2007/07/IMG_0002.JPG,Y:/photoOrganiser/sample_data/input/07/29/IMG_0002.JPG,False,"hash matches, keep in situ destination file",2122111,64419b8f6bf5c5bdd5a87031bfb7d5ddf15eaf3b4b584735aa79c202f44883a3,2007-07
18:08:26,Y:/photoOrganiser/sample_data/output/2007/07/IMG_0002.JPG,Y:/photoOrganiser/sample_data/output/2007/07/IMG_0002.JPG,True,"hash matches, keep in situ destination file",2122111,64419b8f6bf5c5bdd5a87031bfb7d5ddf15eaf3b4b584735aa79c202f44883a3,2007-07
18:08:26,Y:/photoOrganiser/sample_data/output/2007/07/IMG_0003.JPG,Y:/photoOrganiser/sample_data/input/07/29/IMG_0003.JPG,False,"hash matches, keep in situ destination file",2405974,a032001024f1e918902ff9d7f30fbc36cfb2979fcc7545f3c73aacd52d4456a5,2007-07
18:08:26,Y:/photoOrganiser/sample_data/output/2007/07/IMG_0003.JPG,Y:/photoOrganiser/sample_data/output/2007/07/IMG_0003.JPG,True,"hash matches, keep in situ destination file",2405974,a032001024f1e918902ff9d7f30fbc36cfb2979fcc7545f3c73aacd52d4456a5,2007-07
18:08:26,Y:/photoOrganiser/sample_data/output/2007/07/IMG_0004.JPG,Y:/photoOrganiser/sample_data/input/07/29/IMG_0004.JPG,False,"hash matches, keep in situ destination file",2092187,a4bcffe8287901dfe2cdcc0e5c6889bc8f84b05a5495b7b19192f99e2815b9c3,2007-07
18:08:26,Y:/photoOrganiser/sample_data/output/2007/07/IMG_0004.JPG,Y:/photoOrganiser/sample_data/output/2007/07/IMG_0004.JPG,True,"hash matches, keep in situ destination file",2092187,a4bcffe8287901dfe2cdcc0e5c6889bc8f84b05a5495b7b19192f99e2815b9c3,2007-07
18:08:26,Y:/photoOrganiser/sample_data/output/2007/07/IMG_0005.JPG,Y:/photoOrganiser/sample_data/input/07/29/IMG_0005.JPG,False,"hash matches, keep in situ destination file",1766355,39671484b91d50dd3378c98096db737651f8f66ec2458617a861aa4ccad39166,2007-07
18:08:26,Y:/photoOrganiser/sample_data/output/2007/07/IMG_0005.JPG,Y:/photoOrganiser/sample_data/output/2007/07/IMG_0005.JPG,True,"hash matches, keep in situ destination file",1766355,39671484b91d50dd3378c98096db737651f8f66ec2458617a861aa4ccad39166,2007-07
18:08:26,Y:/photoOrganiser/sample_data/output/2007/07/IMG_0006.JPG,Y:/photoOrganiser/sample_data/input/07/29/IMG_0006.JPG,False,"hash matches, keep in situ destination file",1585988,023f9d7b4cd9004f19ae6775b3b4bb58ece8affffac3d611e0c66bf27dcda34f,2007-07
18:08:26,Y:/photoOrganiser/sample_data/output/2007/07/IMG_0006.JPG,Y:/photoOrganiser/sample_data/output/2007/07/IMG_0006.JPG,True,"hash matches, keep in situ destination file",1585988,023f9d7b4cd9004f19ae6775b3b4bb58ece8affffac3d611e0c66bf27dcda34f,2007-07
18:08:26,Y:/photoOrganiser/sample_data/output/2007/07/IMG_0007.JPG,Y:/photoOrganiser/sample_data/input/07/29/IMG_0007.JPG,False,"hash matches, keep in situ destination file",1359732,6b709690cb5851203ee363f3bb06d4261036b83d1330979fbea343392d4726e0,2007-07
18:08:26,Y:/photoOrganiser/sample_data/output/2007/07/IMG_0007.JPG,Y:/photoOrganiser/sample_data/output/2007/07/IMG_0007.JPG,True,"hash matches, keep in situ destination file",1359732,6b709690cb5851203ee363f3bb06d4261036b83d1330979fbea343392d4726e0,2007-07
18:08:26,Y:/photoOrganiser/sample_data/output/2007/07/IMG_0008.JPG,Y:/photoOrganiser/sample_data/input/07/29/IMG_0008.JPG,False,"hash matches, keep in situ destination file",1640207,d910af6d63e0b2b5acfb456b48ad3e83b3e28352d080267f4c39984f7ef6ab56,2007-07
18:08:26,Y:/photoOrganiser/sample_data/output/2007/07/IMG_0008.JPG,Y:/photoOrganiser/sample_data/output/2007/07/IMG_0008.JPG,True,"hash matches, keep in situ destination file",1640207,d910af6d63e0b2b5acfb456b48ad3e83b3e28352d080267f4c39984f7ef6ab56,2007-07
18:08:26,Y:/photoOrganiser/sample_data/output/2007/07/IMG_0009.JPG,Y:/photoOrganiser/sample_data/input/07/29/IMG_0009.JPG,False,"hash matches, keep in situ destination file",1708172,01483ae0ad62b8fc1d59d28ff30545ecfc26cba60cd45ffea885034b896379c8,2007-07
18:08:26,Y:/photoOrganiser/sample_data/output/2007/07/IMG_0009.JPG,Y:/photoOrganiser/sample_data/output/2007/07/IMG_0009.JPG,True,"hash matches, keep in situ destination file",1708172,01483ae0ad62b8fc1d59d28ff30545ecfc26cba60cd45ffea885034b896379c8,2007-07
18:08:26,Y:/photoOrganiser/sample_data/output/2007/07/IMG_0010.JPG,Y:/photoOrganiser/sample_data/input/07/29/IMG_0010.JPG,False,"hash matches, keep in situ destination file",1611380,aa50ad112a5a70954892509c725a6c599a24cc475964d67592c59780915fc0bb,2007-07
18:08:26,Y:/photoOrganiser/sample_data/output/2007/07/IMG_0010.JPG,Y:/photoOrganiser/sample_data/output/2007/07/IMG_0010.JPG,True,"hash matches, keep in situ destination file",1611380,aa50ad112a5a70954892509c725a6c599a24cc475964d67592c59780915fc0bb,2007-07
18:08:26,Y:/photoOrganiser/sample_data/output/2007/07/IMG_0011.JPG,Y:/photoOrganiser/sample_data/input/07/29/IMG_0011.JPG,False,"hash matches, keep in situ destination file",1489727,c4060c24601477ec0aa1848a3a0aead733509132f2ca0ae514109f82fa710cf2,2007-07
18:08:26,Y:/photoOrganiser/sample_data/output/2007/07/IMG_0011.JPG,Y:/photoOrganiser/sample_data/output/2007/07/IMG_0011.JPG,True,"hash matches, keep in situ destination file",1489727,c4060c24601477ec0aa1848a3a0aead733509132f2ca0ae514109f82fa710cf2,2007-07
18:08:26,Y:/photoOrganiser/sample_data/output/2007/07/IMG_0012.JPG,Y:/photoOrganiser/sample_data/input/07/29/IMG_0012.JPG,False,"hash matches, keep in situ destination file",1864932,21f93a819f9624e3ae3a1e827a1b624c7f6f1f5f1a63b189fc5497bb25928e62,2007-07
18:08:26,Y:/photoOrganiser/sample_data/output/2007/07/IMG_0012.JPG,Y:/photoOrganiser/sample_data/output/2007/07/IMG_0012.JPG,True,"hash matches, keep in situ destination file",1864932,21f93a819f9624e3ae3a1e827a1b624c7f6f1f5f1a63b189fc5497bb25928e62,2007-07
18:08:26,Y:/photoOrganiser/sample_data/output/2007/07/IMG_0013.JPG,Y:/photoOrganiser/sample_data/input/07/29/IMG_0013.JPG,False,"hash matches, keep in situ destination file",2421372,d3ae5b4454f70f88b106cbc92613e6ecc59bb87daca1a690a4b08482eb473faf,2007-07
18:08:26,Y:/photoOrganiser/sample_data/output/2007/07/IMG_0013.JPG,Y:/photoOrganiser/sample_data/output/2007/07/IMG_0013.JPG,True,"hash matches, keep in situ destination file",2421372,d3ae5b4454f70f88b106cbc92613e6ecc59bb87daca1a690a4b08482eb473faf,2007-07
18:08:26,Y:/photoOrganiser/sample_data/output/2007/07/IMG_0014.JPG,Y:/photoOrganiser/sample_data/input/07/29/IMG_0014.JPG,False,"hash matches, keep in situ destination file",1523725,70d9bfaefd96d12aa1e2aca7165eef0ce7ad3b5dc81869e3c1f137a1078c32fc,2007-07
18:08:26,Y:/photoOrganiser/sample_data/output/2007/07/IMG_0014.JPG,Y:/photoOrganiser/sample_data/output/2007/07/IMG_0014.JPG,True,"hash matches, keep in situ destination file",1523725,70d9bfaefd96d12aa1e2aca7165eef0ce7ad3b5dc81869e3c1f137a1078c32fc,2007-07
18:08:26,Y:/photoOrganiser/sample_data/output/2007/07/IMG_0015.JPG,Y:/photoOrganiser/sample_data/input/07/29/IMG_0015.JPG,False,"hash matches, keep in situ destination file",2020924,a3bdf07a7344d9870d9b14014d4c389b485a1a53425f37d616f0486367fdc5d9,2007-07
18:08:26,Y:/photoOrganiser/sample_data/output/2007/07/IMG_0015.JPG,Y:/photoOrganiser/sample_data/output/2007/07/IMG_0015.JPG,True,"hash matches, keep in situ destination file",2020924,a3bdf07a7344d9870d9b14014d4c389b485a1a53425f37d616f0486367fdc5d9,2007-07
18:08:26,Y:/photoOrganiser/sample_data/output/2007/07/IMG_0016.JPG,Y:/photoOrganiser/sample_data/input/07/29/IMG_0016.JPG,False,"hash matches, keep in situ destination file",1814259,3be91c3fa8588071377d355e3ef88db7e148d5da842a67a1063a43030197d643,2007-07
18:08:26,Y:/photoOrganiser/sample_data/output/2007/07/IMG_0016.JPG,Y:/photoOrganiser/sample_data/output/2007/07/IMG_0016.JPG,True,"hash matches, keep in situ destination file",1814259,3be91c3fa8588071377d355e3ef88db7e148d5da842a67a1063a43030197d643,2007-07
18:08:26,Y:/photoOrganiser/sample_data/output/2007/07/IMG_0017.JPG,Y:/photoOrganiser/sample_data/input/07/29/IMG_0017.JPG,False,"hash matches, keep in situ destination file",1518794,c4b339b53cebca3ea0e430deca46cc3d42a87ce4a0169a49d7efdaa721463e18,2007-07
18:08:26,Y:/photoOrganiser/sample_data/output/2007/07/IMG_0017.JPG,Y:/photoOrganiser/sample_data/output/2007/07/IMG_0017.JPG,True,"hash matches, keep in situ destination file",1518794,c4b339b53cebca3ea0e430deca46cc3d42a87ce4a0169a49d7efdaa721463e18,2007-07
18:08:26,Y:/photoOrganiser/sample_data/output/2007/07/IMG_0018.JPG,Y:/photoOrganiser/sample_data/input/07/29/IMG_0018.JPG,False,"hash matches, keep in situ destination file",1421474,67620d3face4518798bd55309795be1437ef60f51a845818b2837edae7d1ff45,2007-07
18:08:26,Y:/photoOrganiser/sample_data/output/2007/07/IMG_0018.JPG,Y:/photoOrganiser/sample_data/output/2007/07/IMG_0018.JPG,True,"hash matches, keep in situ destination file",1421474,67620d3face4518798bd55309795be1437ef60f51a845818b2837edae7d1ff45,2007-07
18:08:26,Y:/photoOrganiser/sample_data/output/2007/07/IMG_0019.JPG,Y:/photoOrganiser/sample_data/input/07/29/IMG_0019.JPG,False,"hash matches, keep in situ destination file",1608700,104de515377fab5a7315d69489e310b3c352e1b4b3d40c05c354816a3e06fa4c,2007-07
18:08:26,Y:/photoOrganiser/sample_data/output/2007/07/IMG_0019.JPG,Y:/photoOrganiser/sample_data/output/2007/07/IMG_0019.JPG,True,"hash matches, keep in situ destination file",1608700,104de515377fab5a7315d69489e310b3c352e1b4b3d40c05c354816a3e06fa4c,2007-07
18:08:26,Y:/photoOrganiser/sample_data/output/2007/07/IMG_0020.JPG,Y:/photoOrganiser/sample_data/input/07/29/IMG_0020.JPG,False,"hash matches, keep in situ destination file",1690730,ed84e34137aabd912ae20cc4be18e42f583e1d30216adaf450b614648ba7a689,2007-07
18:08:26,Y:/photoOrganiser/sample_data/output/2007/07/IMG_0020.JPG,Y:/photoOrganiser/sample_data/output/2007/07/IMG_0020.JPG,True,"hash matches, keep in situ destination file",1690730,ed84e34137aabd912ae20cc4be18e42f583e1d30216adaf450b614648ba7a689,2007-07
18:08:26,Y:/photoOrganiser/sample_data/output/2007/07/IMG_0021.JPG,Y:/photoOrganiser/sample_data/input/07/29/IMG_0021.JPG,False,"hash matches, keep in situ destination file",1809025,1221564c2a4011b4e108b4f737d0c292ac1b3daea69211a81134ad77943be0bd,2007-07
18:08:26,Y:/photoOrganiser/sample_data/output/2007/07/IMG_0021.JPG,Y:/photoOrganiser/sample_data/output/2007/07/IMG_0021.JPG,True,"hash matches, keep in situ destination file",1809025,1221564c2a4011b4e108b4f737d0c292ac1b3daea69211a81134ad77943be0bd,2007-07
18:08:26,Y:/photoOrganiser/sample_data/output/2007/07/IMG_0022.JPG,Y:/photoOrganiser/sample_data/input/07/29/IMG_0022.JPG,False,"hash matches, keep in situ destination file",1552918,656d06bf3772d0542c9506d17dc2747d3dcf1ad17e4361ac41acd96e1bd7fcb1,2007-07
18:08:26,Y:/photoOrganiser/sample_data/output/2007/07/IMG_0022.JPG,Y:/photoOrganiser/sample_data/output/2007/07/IMG_0022.JPG,True,"hash matches, keep in situ destination file",1552918,656d06bf3772d0542c9506d17dc2747d3dcf1ad17e4361ac41acd96e1bd7fcb1,2007-07
18:08:26,Y:/photoOrganiser/sample_data/output/2007/07/IMG_0023.JPG,Y:/photoOrganiser/sample_data/input/07/29/IMG_0023.JPG,False,"hash matches, keep in situ destination file",2786460,3f207e2089ac1763a77f39bcab457f84ea4b14ac4644281c31484524bf3daeea,2007-07
18:08:26,Y:/photoOrganiser/sample_data/output/2007/07/IMG_0023.JPG,Y:/photoOrganiser/sample_data/output/2007/07/IMG_0023.JPG,True,"hash matches, keep in situ destination file",2786460,3f207e2089ac1763a77f39bcab457f84ea4b14ac4644281c31484524bf3daeea,2007-07
18:08:26,Y:/photoOrganiser/sample_data/output/2007/07/IMG_0024.JPG,Y:/photoOrganiser/sample_data/input/07/29/IMG_0024.JPG,False,"hash matches, keep in situ destination file",1964477,e06e9887d89943e983383bc40e515dc72e90ba417e3f4351952d14ba49c5249c,2007-07
18:08:26,Y:/photoOrganiser/sample_data/output/2007/07/IMG_0024.JPG,Y:/photoOrganiser/sample_data/output/2007/07/IMG_0024.JPG,True,"hash matches, keep in situ destination file",1964477,e06e9887d89943e983383bc40e515dc72e90ba417e3f4351952d14ba49c5249c,2007-07
18:08:26,Y:/photoOrganiser/sample_data/output/2007/07/IMG_0025.JPG,Y:/photoOrganiser/sample_data/input/07/29/IMG_0025.JPG,False,"hash matches, keep in situ destination file",1600376,075a1781d19e0877a41f644604f08f4c1eecd9bff8fbca3877bd7cb8773a553e,2007-07
18:08:26,Y:/photoOrganiser/sample_data/output/2007/07/IMG_0025.JPG,Y:/photoOrganiser/sample_data/output/2007/07/IMG_0025.JPG,True,"hash matches, keep in situ destination file",1600376,075a1781d19e0877a41f644604f08f4c1eecd9bff8fbca3877bd7cb8773a553e,2007-07
18:08:26,Y:/photoOrganiser/sample_data/output/2007/07/IMG_0026.JPG,Y:/photoOrganiser/sample_data/input/07/29/IMG_0026.JPG,False,"hash matches, keep in situ destination file",2214013,83cc9923c575c735ac640db350f76d65ce16ba9bf931ea12dd0d1b345b1950a6,2007-07
18:08:26,Y:/photoOrganiser/sample_data/output/2007/07/IMG_0026.JPG,Y:/photoOrganiser/sample_data/output/2007/07/IMG_0026.JPG,True,"hash matches, keep in situ destination file",2214013,83cc9923c575c735ac640db350f76d65ce16ba9bf931ea12dd0d1b345b1950a6,2007-07
18:08:26,Y:/photoOrganiser/sample_data/output/2007/07/IMG_0027.JPG,Y:/photoOrganiser/sample_data/input/07/29/IMG_0027.JPG,False,"hash matches, keep in situ destination file",1605534,e29a0a87243e11a9c1e1bc6d13a9178cfd8ff356f8c9bb065738bf6de7a76aee,2007-07
18:08:26,Y:/photoOrganiser/sample_data/output/2007/07/IMG_0027.JPG,Y:/photoOrganiser/sample_data/output/2007/07/IMG_0027.JPG,True,"hash matches, keep in situ destination file",1605534,e29a0a87243e11a9c1e1bc6d13a9178cfd8ff356f8c9bb065738bf6de7a76aee,2007-07
18:08:26,Y:/photoOrganiser/sample_data/output/2007/07/IMG_0028.JPG,Y:/photoOrganiser/sample_data/input/07/29/IMG_0028.JPG,False,"hash matches, keep in situ destination file",1909850,e6dc20761f691005d0a0ca41c600da8952ce8951273028c756050ce797c97f14,2007-07
18:08:26,Y:/photoOrganiser/sample_data/output/2007/07/IMG_0028.JPG,Y:/photoOrganiser/sample_data/output/2007/07/IMG_0028.JPG,True,"hash matches, keep in situ destination file",1909850,e6dc20761f691005d0a0ca41c600da8952ce8951273028c756050ce797c97f14,2007-07
18:08:26,Y:/photoOrganiser/sample_data/output/2007/07/IMG_0029.JPG,Y:/photoOrganiser/sample_data/input/07/29/IMG_0029.JPG,False,"hash matches, keep in situ destination file",1961413,3a0b79abcc082d8c946c4d5122f4d5c1bd3d62590c67af217f81b9d2cef6a0fd,2007-07
18:08:26,Y:/photoOrganiser/sample_data/output/2007/07/IMG_0029.JPG,Y:/photoOrganiser/sample_data/output/2007/07/IMG_0029.JPG,True,"hash matches, keep in situ destination file",1961413,3a0b79abcc082d8c946c4d5122f4d5c1bd3d62590c67af217f81b9d2cef6a0fd,2007-07
18:08:26,Y:/photoOrganiser/sample_data/output/2007/07/IMG_0030.JPG,Y:/photoOrganiser/sample_data/input/07/29/IMG_0030.JPG,False,"hash matches, keep in situ destination file",1740264,ca3a776aeb01aa005935d7f8a11532aef05d36605ae839e060970146f9b725cd,2007-07
18:08:26,Y:/photoOrganiser/sample_data/output/2007/07/IMG_0030.JPG,Y:/photoOrganiser/sample_data/output/2007/07/IMG_0030.JPG,True,"hash matches, keep in situ destination file",1740264,ca3a776aeb01aa005935d7f8a11532aef05d36605ae839e060970146f9b725cd,2007-07
18:08:26,Y:/photoOrganiser/sample_data/output/2007/07/IMG_0031.JPG,Y:/photoOrganiser/sample_data/input/07/29/IMG_0031.JPG,False,"hash matches, keep in situ destination file",1736138,9672c1923eb3458edd67ece800453fd871902ccce45dd15271408468a5f72df4,2007-07
18:08:26,Y:/photoOrganiser/sample_data/output/2007/07/IMG_0031.JPG,Y:/photoOrganiser/sample_data/output/2007/07/IMG_0031.JPG,True,"hash matches, keep in situ destination file",1736138,9672c1923eb3458edd67ece800453fd871902ccce45dd15271408468a5f72df4,2007-07
18:08:26,Y:/photoOrganiser/sample_data/output/2007/07/IMG_0032.JPG,Y:/photoOrganiser/sample_data/input/07/29/IMG_0032.JPG,False,"hash matches, keep in situ destination file",1809649,86d05506655934cbd4209efcf3d67eb2314a5d1ae6deb46398a528fb3c9b6fce,2007-07
18:08:26,Y:/photoOrganiser/sample_data/output/2007/07/IMG_0032.JPG,Y:/photoOrganiser/sample_data/output/2007/07/IMG_0032.JPG,True,"hash matches, keep in situ destination file",1809649,86d05506655934cbd4209efcf3d67eb2314a5d1ae6deb46398a528fb3c9b6fce,2007-07
18:08:26,Y:/photoOrganiser/sample_data/output/2007/07/IMG_0033.JPG,Y:/photoOrganiser/sample_data/input/07/29/IMG_0033.JPG,False,"hash matches, keep in situ destination file",2073046,739bc6d93b3b13e6b95458462dfeaee36c7ced163302628c997ff1985acfed67,2007-07
18:08:26,Y:/photoOrganiser/sample_data/output/2007/07/IMG_0033.JPG,Y:/photoOrganiser/sample_data/output/2007/07/IMG_0033.JPG,True,"hash matches, keep in situ destination file",2073046,739bc6d93b3b13e6b95458462dfeaee36c7ced163302628c997ff1985acfed67,2007-07
18:08:26,Y:/photoOrganiser/sample_data/output/2007/07/IMG_0034.JPG,Y:/photoOrganiser/sample_data/input/07/29/IMG_0034.JPG,False,"hash matches, keep in situ destination file",2384887,6a55a230aa20c599cc0294a750300381fedbcd67c65a106755cfb596a621830e,2007-07
18:08:26,Y:/photoOrganiser/sample_data/output/2007/07/IMG_0034.JPG,Y:/photoOrganiser/sample_data/output/2007/07/IMG_0034.JPG,True,"hash matches, keep in situ destination file",2384887,6a55a230aa20c599cc0294a750300381fedbcd67c65a106755cfb596a621830e,2007-07
18:08:26,Y:/photoOrganiser/sample_data/output/2007/07/IMG_0035.JPG,Y:/photoOrganiser/sample_data/input/07/29/IMG_0035.JPG,False,"hash matches, keep in situ destination file",2928482,44d5a7cbae607ee97efd63a33c2d7f111bacb0e1ba438716df636d3426aaf292,2007-07
18:08:26,Y:/photoOrganiser/sample_data/output/2007/07/IMG_0035.JPG,Y:/photoOrganiser/sample_data/output/2007/07/IMG_0035.JPG,True,"hash matches, keep in situ destination file",2928482,44d5a7cbae607ee97efd63a33c2d7f111bacb0e1ba438716df636d3426aaf292,2007-07
18:08:26,Y:/photoOrganiser/sample_data/output/2007/07/IMG_0036.JPG,Y:/photoOrganiser/sample_data/input/07/29/IMG_0036.JPG,False,"hash matches, keep in situ destination file",1300940,fcd4ca936576537d7f7f71c96c09fd54359978a406063527d681f561960d0f43,2007-07
18:08:26,Y:/photoOrganiser/sample_data/output/2007/07/IMG_0036.JPG,Y:/photoOrganiser/sample_data/output/2007/07/IMG_0036.JPG,True,"hash matches, keep in situ destination file",1300940,fcd4ca936576537d7f7f71c96c09fd54359978a406063527d681f561960d0f43,2007-07
18:08:26,Y:/photoOrganiser/sample_data/output/2021/03/IMG_9741 - Copy.HEIC,Y:/photoOrganiser/sample_data/input/duplicate/IMG_9741 - Copy.HEIC,False,"hash matches, keep in situ destination file",1170324,fa492262937c1db3e363d5c8787f426159dbcb78b7f3492c99727b445cbcfc92,2021-03
18:08:26,Y:/photoOrganiser/sample_data/output/2021/03/IMG_9741 - Copy.HEIC,Y:/photoOrganiser/sample_data/output/2021/03/IMG_9741 - Copy.HEIC,True,"hash matches, keep in situ destination file",1170324,fa492262937c1db3e363d5c8787f426159dbcb78b7f3492c99727b445cbcfc92,2021-03
